[2024-05-09 12:37:26] [info] Start Program:
Path:"C:\Users\stefan\source\repos\Lab8\x64\Debug\Lab8.exe"
Arguments:
Working directory: "C:\Users\stefan\source\repos\Lab8\Lab8\"
Modules: Selected: C:\Users\stefan\source\repos\Lab8\x64\Debug\Lab8.exe Excluded: 
Sources: Selected: C:\Users\stefan\source\repos\Lab8\Lab8 Excluded: 
Log Level: Normal
Cover Children: 0
Aggregate by file: 1
Continue after C++ exception: 0
Optimized build support: 0
Export: Binary C:\Users\stefan\AppData\Local\Temp\yh2wis1l.joj 
Input coverage: 
Unified diff: 
Excluded line regular expressions: 
Substitute pdb source paths: 

[2024-05-09 12:37:26] [info] Module: C:\Users\stefan\source\repos\Lab8\x64\Debug\Lab8.exe is selected because it matches selected pattern: C:\Users\stefan\source\repos\Lab8\x64\Debug\Lab8.exe
[2024-05-09 12:37:26] [info] ----------------------------------------------------
[2024-05-09 12:37:26] [info] Coverage binary generated in file: C:\Users\stefan\AppData\Local\Temp\yh2wis1l.joj
[2024-05-09 12:37:26] [info] ----------------------------------------------------
